Using pre-set license
Built from '2022.3/release' branch; Version is '2022.3.12f1 (4fe6e059c7ef) revision 5236448'; Using compiler version '192829333'; Build Type 'Release'
OS: 'Windows 11  (10.0.22621) 64bit Core' Language: 'it' Physical Memory: 16088 MB
BatchMode: 1, IsHumanControllingUs: 0, StartBugReporterOnCrash: 0, Is64bit: 1, IsPro: 1

COMMAND LINE ARGUMENTS:
C:\Program Files\Unity\Hub\Editor\2022.3.12f1\Editor\Unity.exe
-adb2
-batchMode
-noUpm
-name
AssetImportWorker3
-projectPath
C:/Users/samba/GitFile/PNT/Team Natalizio
-logFile
Logs/AssetImportWorker3.log
-srvPort
58802
Successfully changed project path to: C:/Users/samba/GitFile/PNT/Team Natalizio
C:/Users/samba/GitFile/PNT/Team Natalizio
[UnityMemory] Configuration Parameters - Can be set up in boot.config
    "memorysetup-bucket-allocator-granularity=16"
    "memorysetup-bucket-allocator-bucket-count=8"
    "memorysetup-bucket-allocator-block-size=33554432"
    "memorysetup-bucket-allocator-block-count=8"
    "memorysetup-main-allocator-block-size=16777216"
    "memorysetup-thread-allocator-block-size=16777216"
    "memorysetup-gfx-main-allocator-block-size=16777216"
    "memorysetup-gfx-thread-allocator-block-size=16777216"
    "memorysetup-cache-allocator-block-size=4194304"
    "memorysetup-typetree-allocator-block-size=2097152"
    "memorysetup-profiler-bucket-allocator-granularity=16"
    "memorysetup-profiler-bucket-allocator-bucket-count=8"
    "memorysetup-profiler-bucket-allocator-block-size=33554432"
    "memorysetup-profiler-bucket-allocator-block-count=8"
    "memorysetup-profiler-allocator-block-size=16777216"
    "memorysetup-profiler-editor-allocator-block-size=1048576"
    "memorysetup-temp-allocator-size-main=16777216"
    "memorysetup-job-temp-allocator-block-size=2097152"
    "memorysetup-job-temp-allocator-block-size-background=1048576"
    "memorysetup-job-temp-allocator-reduction-small-platforms=262144"
    "memorysetup-allocator-temp-initial-block-size-main=262144"
    "memorysetup-allocator-temp-initial-block-size-worker=262144"
    "memorysetup-temp-allocator-size-background-worker=32768"
    "memorysetup-temp-allocator-size-job-worker=262144"
    "memorysetup-temp-allocator-size-preload-manager=33554432"
    "memorysetup-temp-allocator-size-nav-mesh-worker=65536"
    "memorysetup-temp-allocator-size-audio-worker=65536"
    "memorysetup-temp-allocator-size-cloud-worker=32768"
    "memorysetup-temp-allocator-size-gi-baking-worker=262144"
    "memorysetup-temp-allocator-size-gfx=262144"
Player connection [3692] Host "[IP] 192.168.1.105 [Port] 0 [Flags] 2 [Guid] 2141681364 [EditorId] 2141681364 [Version] 1048832 [Id] WindowsEditor(7,MSI) [Debug] 1 [PackageName] WindowsEditor [ProjectName] Editor" joined multi-casting on [225.0.0.222:54997]...

Player connection [3692] Host "[IP] 192.168.1.105 [Port] 0 [Flags] 2 [Guid] 2141681364 [EditorId] 2141681364 [Version] 1048832 [Id] WindowsEditor(7,MSI) [Debug] 1 [PackageName] WindowsEditor [ProjectName] Editor" joined alternative multi-casting on [225.0.0.222:34997]...

[Physics::Module] Initialized MultithreadedJobDispatcher with 19 workers.
Refreshing native plugins compatible for Editor in 5.63 ms, found 3 plugins.
Preloading 0 native plugins for Editor in 0.00 ms.
Initialize engine version: 2022.3.12f1 (4fe6e059c7ef)
[Subsystems] Discovering subsystems at path C:/Program Files/Unity/Hub/Editor/2022.3.12f1/Editor/Data/Resources/UnitySubsystems
[Subsystems] Discovering subsystems at path C:/Users/samba/GitFile/PNT/Team Natalizio/Assets
GfxDevice: creating device client; threaded=0; jobified=0
Direct3D:
    Version:  Direct3D 11.0 [level 11.1]
    Renderer: NVIDIA GeForce RTX 3060 Laptop GPU (ID=0x2520)
    Vendor:   NVIDIA
    VRAM:     6010 MB
    Driver:   31.0.15.4601
Initialize mono
Mono path[0] = 'C:/Program Files/Unity/Hub/Editor/2022.3.12f1/Editor/Data/Managed'
Mono path[1] = 'C:/Program Files/Unity/Hub/Editor/2022.3.12f1/Editor/Data/MonoBleedingEdge/lib/mono/unityjit-win32'
Mono config path = 'C:/Program Files/Unity/Hub/Editor/2022.3.12f1/Editor/Data/MonoBleedingEdge/etc'
Using monoOptions --debugger-agent=transport=dt_socket,embedding=1,server=y,suspend=n,address=127.0.0.1:56912
Begin MonoManager ReloadAssembly
Registering precompiled unity dll's ...
Register platform support module: C:/Program Files/Unity/Hub/Editor/2022.3.12f1/Editor/Data/PlaybackEngines/AndroidPlayer/UnityEditor.Android.Extensions.dll
Register platform support module: C:/Program Files/Unity/Hub/Editor/2022.3.12f1/Editor/Data/PlaybackEngines/iOSSupport/UnityEditor.iOS.Extensions.dll
Register platform support module: C:/Program Files/Unity/Hub/Editor/2022.3.12f1/Editor/Data/PlaybackEngines/WindowsStandaloneSupport/UnityEditor.WindowsStandalone.Extensions.dll
Registered in 0.009430 seconds.
- Loaded All Assemblies, in  0.302 seconds
Native extension for WindowsStandalone target not found
[usbmuxd] Start listen thread
[usbmuxd] Listen thread started
Native extension for iOS target not found
Native extension for Android target not found
Android Extension - Scanning For ADB Devices 342 ms
Mono: successfully reloaded assembly
- Finished resetting the current domain, in  0.628 seconds
Domain Reload Profiling: 929ms
	BeginReloadAssembly (95ms)
		ExecutionOrderSort (0ms)
		DisableScriptedObjects (0ms)
		BackupInstance (0ms)
		ReleaseScriptingObjects (0ms)
		CreateAndSetChildDomain (1ms)
	RebuildCommonClasses (27ms)
	RebuildNativeTypeToScriptingClass (7ms)
	initialDomainReloadingComplete (50ms)
	LoadAllAssembliesAndSetupDomain (120ms)
		LoadAssemblies (94ms)
		RebuildTransferFunctionScriptingTraits (0ms)
		AnalyzeDomain (118ms)
			TypeCache.Refresh (116ms)
				TypeCache.ScanAssembly (105ms)
			ScanForSourceGeneratedMonoScriptInfo (0ms)
			ResolveRequiredComponents (0ms)
	FinalizeReload (629ms)
		ReleaseScriptCaches (0ms)
		RebuildScriptCaches (0ms)
		SetupLoadedEditorAssemblies (583ms)
			LogAssemblyErrors (0ms)
			InitializePlatformSupportModulesInManaged (461ms)
			SetLoadedEditorAssemblies (3ms)
			RefreshPlugins (0ms)
			BeforeProcessingInitializeOnLoad (2ms)
			ProcessInitializeOnLoadAttributes (79ms)
			ProcessInitializeOnLoadMethodAttributes (39ms)
			AfterProcessingInitializeOnLoad (0ms)
			EditorAssembliesLoaded (0ms)
		ExecutionOrderSort2 (0ms)
		AwakeInstancesAfterBackupRestoration (0ms)
========================================================================
Worker process is ready to serve import requests
Begin MonoManager ReloadAssembly
- Loaded All Assemblies, in  0.649 seconds
Refreshing native plugins compatible for Editor in 5.06 ms, found 3 plugins.
Native extension for WindowsStandalone target not found
Native extension for iOS target not found
Native extension for Android target not found
Package Manager log level set to [2]
[Package Manager] Server::EnsureServerProcessIsRunning -- launch failed, reason: Unity was launched with the -noUpm command-line argument
[Package Manager] UpmClient::Send -- Unable to send message (not connected to UPM process).
[Package Manager] Cannot connect to Unity Package Manager local server
Mono: successfully reloaded assembly
- Finished resetting the current domain, in  0.498 seconds
Domain Reload Profiling: 1144ms
	BeginReloadAssembly (127ms)
		ExecutionOrderSort (0ms)
		DisableScriptedObjects (4ms)
		BackupInstance (0ms)
		ReleaseScriptingObjects (0ms)
		CreateAndSetChildDomain (21ms)
	RebuildCommonClasses (26ms)
	RebuildNativeTypeToScriptingClass (13ms)
	initialDomainReloadingComplete (34ms)
	LoadAllAssembliesAndSetupDomain (444ms)
		LoadAssemblies (358ms)
		RebuildTransferFunctionScriptingTraits (0ms)
		AnalyzeDomain (163ms)
			TypeCache.Refresh (148ms)
				TypeCache.ScanAssembly (132ms)
			ScanForSourceGeneratedMonoScriptInfo (10ms)
			ResolveRequiredComponents (3ms)
	FinalizeReload (498ms)
		ReleaseScriptCaches (0ms)
		RebuildScriptCaches (0ms)
		SetupLoadedEditorAssemblies (356ms)
			LogAssemblyErrors (0ms)
			InitializePlatformSupportModulesInManaged (31ms)
			SetLoadedEditorAssemblies (2ms)
			RefreshPlugins (0ms)
			BeforeProcessingInitializeOnLoad (62ms)
			ProcessInitializeOnLoadAttributes (238ms)
			ProcessInitializeOnLoadMethodAttributes (16ms)
			AfterProcessingInitializeOnLoad (6ms)
			EditorAssembliesLoaded (0ms)
		ExecutionOrderSort2 (0ms)
		AwakeInstancesAfterBackupRestoration (5ms)
Launched and connected shader compiler UnityShaderCompiler.exe after 0.07 seconds
Refreshing native plugins compatible for Editor in 5.57 ms, found 3 plugins.
Preloading 0 native plugins for Editor in 0.00 ms.
Unloading 3143 Unused Serialized files (Serialized files now loaded: 0)
Unloading 32 unused Assets / (57.1 KB). Loaded Objects now: 3610.
Memory consumption went from 132.7 MB to 132.6 MB.
Total: 2.520000 ms (FindLiveObjects: 0.205700 ms CreateObjectMapping: 0.075700 ms MarkObjects: 2.140700 ms  DeleteObjects: 0.096700 ms)

AssetImportParameters requested are different than current active one (requested -> active):
  custom:container-demuxer-ogg: 62fdf1f143b41e24485cea50d1cbac27 -> 
  custom:video-decoder-ogg-theora: a1e56fd34408186e4bbccfd4996cb3dc -> 
  custom:framework-win-MediaFoundation: 216162199b28c13a410421893ffa2e32 -> 
  custom:CustomObjectIndexerAttribute: 756ad292c208cfabdd7b50bc23989ffe -> 
  custom:container-demuxer-webm: 4f35f7cbe854078d1ac9338744f61a02 -> 
  custom:container-muxer-webm: aa71ff27fc2769a1b78a27578f13a17b -> 
  custom:video-decoder-webm-vp8: 9c59270c3fd7afecdb556c50c9e8de78 -> 
  custom:SearchIndexIgnoredProperties: e643bd26f0fe6173181afceb89e7c659 -> 
  custom:AudioImporter_EditorPlatform: d09bf68614088b80899f8185d706f6e7 -> 
  custom:video-encoder-webm-vp8: eb34c28f22e8b96e1ab97ce403110664 -> 
  custom:audio-decoder-ogg-vorbis: bf7c407c2cedff20999df2af8eb42d56 -> 
  custom:audio-encoder-webm-vorbis: bf7c407c2cedff20999df2af8eb42d56 -> 
========================================================================
Received Import Request.
  Time since last request: 340306.528439 seconds.
  path: Assets/TextMesh Pro/Examples & Extras/Resources/Fonts & Materials/Electronic Highway Sign SDF.asset
  artifactKey: Guid(dc36b3fdc14f47ebb36fd484a67e268a) Importer(815301076,1909f56bfc062723c751e8b465ee728b)
Start importing Assets/TextMesh Pro/Examples & Extras/Resources/Fonts & Materials/Electronic Highway Sign SDF.asset using Guid(dc36b3fdc14f47ebb36fd484a67e268a) Importer(815301076,1909f56bfc062723c751e8b465ee728b)  -> (artifact id: '36f49f1a0265b05012786eadfa41b7d1') in 0.125570 seconds
Number of updated asset objects reloaded before import = 0
Number of asset objects unloaded after import = 6
========================================================================
Received Import Request.
  Time since last request: 0.000030 seconds.
  path: Assets/Fonts/Font TMP/Super Space SDF.asset
  artifactKey: Guid(37cf5b136cf673245864f2bc94cebcea) Importer(815301076,1909f56bfc062723c751e8b465ee728b)
Start importing Assets/Fonts/Font TMP/Super Space SDF.asset using Guid(37cf5b136cf673245864f2bc94cebcea) Importer(815301076,1909f56bfc062723c751e8b465ee728b)  -> (artifact id: 'ef91c35c89a6630b5a15716bdb9e336a') in 0.037655 seconds
Number of updated asset objects reloaded before import = 0
Number of asset objects unloaded after import = 6
========================================================================
Received Import Request.
  Time since last request: 0.000017 seconds.
  path: Assets/TextMesh Pro/Resources/Fonts & Materials/LiberationSans SDF.asset
  artifactKey: Guid(8f586378b4e144a9851e7b34d9b748ee) Importer(815301076,1909f56bfc062723c751e8b465ee728b)
Start importing Assets/TextMesh Pro/Resources/Fonts & Materials/LiberationSans SDF.asset using Guid(8f586378b4e144a9851e7b34d9b748ee) Importer(815301076,1909f56bfc062723c751e8b465ee728b)  -> (artifact id: '5b9e993303cd55f9b595f901a75c7945') in 0.037354 seconds
Number of updated asset objects reloaded before import = 0
Number of asset objects unloaded after import = 9
========================================================================
Received Import Request.
  Time since last request: 218.217316 seconds.
  path: Assets/2D Casual UI/Sprite/GUI_64.asset
  artifactKey: Guid(4a5c209e2b34f164484be47849126d05) Importer(815301076,1909f56bfc062723c751e8b465ee728b)
Start importing Assets/2D Casual UI/Sprite/GUI_64.asset using Guid(4a5c209e2b34f164484be47849126d05) Importer(815301076,1909f56bfc062723c751e8b465ee728b)  -> (artifact id: '851fcc62378518f50e601c77d9503b14') in 0.049379 seconds
Number of updated asset objects reloaded before import = 0
Number of asset objects unloaded after import = 3
========================================================================
Received Import Request.
  Time since last request: 0.000016 seconds.
  path: Assets/2D Casual UI/Sprite/GUI_68.asset
  artifactKey: Guid(e86a46d1e826d734cb15bc376ae5a78d) Importer(815301076,1909f56bfc062723c751e8b465ee728b)
Start importing Assets/2D Casual UI/Sprite/GUI_68.asset using Guid(e86a46d1e826d734cb15bc376ae5a78d) Importer(815301076,1909f56bfc062723c751e8b465ee728b)  -> (artifact id: '66ad94bd6034fcf28bc6e028b8d31174') in 0.037561 seconds
Number of updated asset objects reloaded before import = 0
Number of asset objects unloaded after import = 3
========================================================================
Received Import Request.
  Time since last request: 0.000014 seconds.
  path: Assets/2D Casual UI/Sprite/GUI_66.asset
  artifactKey: Guid(554849133a62c024b8af6a3d48f336d9) Importer(815301076,1909f56bfc062723c751e8b465ee728b)
Start importing Assets/2D Casual UI/Sprite/GUI_66.asset using Guid(554849133a62c024b8af6a3d48f336d9) Importer(815301076,1909f56bfc062723c751e8b465ee728b)  -> (artifact id: 'fafab346c6fdf295a41507356a0116ac') in 0.022339 seconds
Number of updated asset objects reloaded before import = 0
Number of asset objects unloaded after import = 3
========================================================================
Received Import Request.
  Time since last request: 0.000016 seconds.
  path: Assets/2D Casual UI/Sprite/GUI_65.asset
  artifactKey: Guid(180e38a2d923bc54b8d267dc89aa163e) Importer(815301076,1909f56bfc062723c751e8b465ee728b)
Start importing Assets/2D Casual UI/Sprite/GUI_65.asset using Guid(180e38a2d923bc54b8d267dc89aa163e) Importer(815301076,1909f56bfc062723c751e8b465ee728b)  -> (artifact id: 'b9ccf59da938160442a136c23ffc492c') in 0.020802 seconds
Number of updated asset objects reloaded before import = 0
Number of asset objects unloaded after import = 3
========================================================================
Received Import Request.
  Time since last request: 8.112565 seconds.
  path: Assets/2D Casual UI/Sprite/GUI_62.asset
  artifactKey: Guid(e0d1533126b769140a25844733d0f78c) Importer(815301076,1909f56bfc062723c751e8b465ee728b)
Start importing Assets/2D Casual UI/Sprite/GUI_62.asset using Guid(e0d1533126b769140a25844733d0f78c) Importer(815301076,1909f56bfc062723c751e8b465ee728b)  -> (artifact id: '5d9306e2b7524c6b7b75855e0d8fbebe') in 0.020860 seconds
Number of updated asset objects reloaded before import = 0
Number of asset objects unloaded after import = 3
========================================================================
Received Import Request.
  Time since last request: 0.036691 seconds.
  path: Assets/2D Casual UI/Sprite/GUI_60.asset
  artifactKey: Guid(2c73a1704eb6f1a4b986e71cdaa8b412) Importer(815301076,1909f56bfc062723c751e8b465ee728b)
Start importing Assets/2D Casual UI/Sprite/GUI_60.asset using Guid(2c73a1704eb6f1a4b986e71cdaa8b412) Importer(815301076,1909f56bfc062723c751e8b465ee728b)  -> (artifact id: '75cc33173ccd971634c34b38126c3ecb') in 0.016999 seconds
Number of updated asset objects reloaded before import = 0
Number of asset objects unloaded after import = 3
========================================================================
Received Import Request.
  Time since last request: 0.322204 seconds.
  path: Assets/2D Casual UI/Sprite/GUI_57.asset
  artifactKey: Guid(ea39f8ee4dd7d4c4d8a75d2f873fb231) Importer(815301076,1909f56bfc062723c751e8b465ee728b)
Start importing Assets/2D Casual UI/Sprite/GUI_57.asset using Guid(ea39f8ee4dd7d4c4d8a75d2f873fb231) Importer(815301076,1909f56bfc062723c751e8b465ee728b)  -> (artifact id: 'a6ba3c40a1688ae1b5116530d8ec5104') in 0.016806 seconds
Number of updated asset objects reloaded before import = 0
Number of asset objects unloaded after import = 3
========================================================================
Received Import Request.
  Time since last request: 0.084682 seconds.
  path: Assets/2D Casual UI/Sprite/GUI_55.asset
  artifactKey: Guid(e66744efb15c3b947887060916bb1f24) Importer(815301076,1909f56bfc062723c751e8b465ee728b)
Start importing Assets/2D Casual UI/Sprite/GUI_55.asset using Guid(e66744efb15c3b947887060916bb1f24) Importer(815301076,1909f56bfc062723c751e8b465ee728b)  -> (artifact id: 'abe6fbd41d3bc34f9b13ec4bdb089649') in 0.014609 seconds
Number of updated asset objects reloaded before import = 0
Number of asset objects unloaded after import = 3
========================================================================
Received Import Request.
  Time since last request: 0.347461 seconds.
  path: Assets/2D Casual UI/Sprite/GUI_52.asset
  artifactKey: Guid(cad668aaa67a1564eb79a79556877936) Importer(815301076,1909f56bfc062723c751e8b465ee728b)
Start importing Assets/2D Casual UI/Sprite/GUI_52.asset using Guid(cad668aaa67a1564eb79a79556877936) Importer(815301076,1909f56bfc062723c751e8b465ee728b)  -> (artifact id: 'a6fd37c58eacb9283973c399a4aca43e') in 0.017357 seconds
Number of updated asset objects reloaded before import = 0
Number of asset objects unloaded after import = 3
========================================================================
Received Import Request.
  Time since last request: 0.028302 seconds.
  path: Assets/2D Casual UI/Sprite/GUI_48.asset
  artifactKey: Guid(942e52f631f163c4cb85facc4b39cd89) Importer(815301076,1909f56bfc062723c751e8b465ee728b)
Start importing Assets/2D Casual UI/Sprite/GUI_48.asset using Guid(942e52f631f163c4cb85facc4b39cd89) Importer(815301076,1909f56bfc062723c751e8b465ee728b)  -> (artifact id: '9556213d5219f1cf05b32e4cb735642a') in 0.014237 seconds
Number of updated asset objects reloaded before import = 0
Number of asset objects unloaded after import = 3
========================================================================
Received Import Request.
  Time since last request: 0.077331 seconds.
  path: Assets/2D Casual UI/Sprite/GUI_45.asset
  artifactKey: Guid(19ede9ff45e96084fa55050f155bf2f6) Importer(815301076,1909f56bfc062723c751e8b465ee728b)
Start importing Assets/2D Casual UI/Sprite/GUI_45.asset using Guid(19ede9ff45e96084fa55050f155bf2f6) Importer(815301076,1909f56bfc062723c751e8b465ee728b)  -> (artifact id: 'a7918f88b5b31c76e7ace316c229c416') in 0.020954 seconds
Number of updated asset objects reloaded before import = 0
Number of asset objects unloaded after import = 3
========================================================================
Received Import Request.
  Time since last request: 4.013462 seconds.
  path: Assets/2D Casual UI/Sprite/GUI_42.asset
  artifactKey: Guid(ae840ad1f8600c24a8497f6cc28fbf86) Importer(815301076,1909f56bfc062723c751e8b465ee728b)
Start importing Assets/2D Casual UI/Sprite/GUI_42.asset using Guid(ae840ad1f8600c24a8497f6cc28fbf86) Importer(815301076,1909f56bfc062723c751e8b465ee728b)  -> (artifact id: '1f2e4a9728dfd220a2c75caa0550d6bf') in 0.041147 seconds
Number of updated asset objects reloaded before import = 0
Number of asset objects unloaded after import = 3
========================================================================
Received Import Request.
  Time since last request: 0.060610 seconds.
  path: Assets/2D Casual UI/Sprite/GUI_35.asset
  artifactKey: Guid(e1b5c68efb8ea1c468a3a3872c14cfeb) Importer(815301076,1909f56bfc062723c751e8b465ee728b)
Start importing Assets/2D Casual UI/Sprite/GUI_35.asset using Guid(e1b5c68efb8ea1c468a3a3872c14cfeb) Importer(815301076,1909f56bfc062723c751e8b465ee728b)  -> (artifact id: '2bdf50eb3451a31fdbf43f3b24f6eb6b') in 0.023715 seconds
Number of updated asset objects reloaded before import = 0
Number of asset objects unloaded after import = 3
========================================================================
Received Import Request.
  Time since last request: 0.388571 seconds.
  path: Assets/2D Casual UI/Sprite/GUI_33.asset
  artifactKey: Guid(098e9c23c542a4a4188def1b3024f8ce) Importer(815301076,1909f56bfc062723c751e8b465ee728b)
Start importing Assets/2D Casual UI/Sprite/GUI_33.asset using Guid(098e9c23c542a4a4188def1b3024f8ce) Importer(815301076,1909f56bfc062723c751e8b465ee728b)  -> (artifact id: 'a5f0c4d94ce27c6dbf7955064ff03a28') in 0.033311 seconds
Number of updated asset objects reloaded before import = 0
Number of asset objects unloaded after import = 3
========================================================================
Received Import Request.
  Time since last request: 0.128060 seconds.
  path: Assets/2D Casual UI/Sprite/GUI_30.asset
  artifactKey: Guid(e0cb1aa2f7580c2468b7ab9b9d187c0d) Importer(815301076,1909f56bfc062723c751e8b465ee728b)
Start importing Assets/2D Casual UI/Sprite/GUI_30.asset using Guid(e0cb1aa2f7580c2468b7ab9b9d187c0d) Importer(815301076,1909f56bfc062723c751e8b465ee728b)  -> (artifact id: 'cff75f7651a1f673c0572ccec5a0142d') in 0.038895 seconds
Number of updated asset objects reloaded before import = 0
Number of asset objects unloaded after import = 3
========================================================================
Received Import Request.
  Time since last request: 0.399970 seconds.
  path: Assets/2D Casual UI/Sprite/GUI_28.asset
  artifactKey: Guid(58119d91118126e49b16c65b900ecc9c) Importer(815301076,1909f56bfc062723c751e8b465ee728b)
Start importing Assets/2D Casual UI/Sprite/GUI_28.asset using Guid(58119d91118126e49b16c65b900ecc9c) Importer(815301076,1909f56bfc062723c751e8b465ee728b)  -> (artifact id: '81daec654557132a66afb5d471df0173') in 0.035071 seconds
Number of updated asset objects reloaded before import = 0
Number of asset objects unloaded after import = 3
========================================================================
Received Import Request.
  Time since last request: 0.052286 seconds.
  path: Assets/2D Casual UI/Sprite/GUI_25.asset
  artifactKey: Guid(8184e0a5efc33974eadacfe8b80c4422) Importer(815301076,1909f56bfc062723c751e8b465ee728b)
Start importing Assets/2D Casual UI/Sprite/GUI_25.asset using Guid(8184e0a5efc33974eadacfe8b80c4422) Importer(815301076,1909f56bfc062723c751e8b465ee728b)  -> (artifact id: '25fb04318190999d710d6eb8a7798933') in 0.025460 seconds
Number of updated asset objects reloaded before import = 0
Number of asset objects unloaded after import = 3
========================================================================
Received Import Request.
  Time since last request: 5.945518 seconds.
  path: Assets/2D Casual UI/Sprite/GUI_22.asset
  artifactKey: Guid(c4bb9356bc8a3ab4eb177ef4af886032) Importer(815301076,1909f56bfc062723c751e8b465ee728b)
Start importing Assets/2D Casual UI/Sprite/GUI_22.asset using Guid(c4bb9356bc8a3ab4eb177ef4af886032) Importer(815301076,1909f56bfc062723c751e8b465ee728b)  -> (artifact id: '02eb6684c0adcc5eba006fe580df63a8') in 0.016745 seconds
Number of updated asset objects reloaded before import = 0
Number of asset objects unloaded after import = 3
========================================================================
Received Import Request.
  Time since last request: 0.070171 seconds.
  path: Assets/2D Casual UI/Sprite/GUI_20.asset
  artifactKey: Guid(5124cd3cafbc4f64f968d0f8f5c886c0) Importer(815301076,1909f56bfc062723c751e8b465ee728b)
Start importing Assets/2D Casual UI/Sprite/GUI_20.asset using Guid(5124cd3cafbc4f64f968d0f8f5c886c0) Importer(815301076,1909f56bfc062723c751e8b465ee728b)  -> (artifact id: '82efef719938b8fc2689020ee8b8387a') in 0.016196 seconds
Number of updated asset objects reloaded before import = 0
Number of asset objects unloaded after import = 3
========================================================================
Received Import Request.
  Time since last request: 0.113395 seconds.
  path: Assets/2D Casual UI/Sprite/GUI_18.asset
  artifactKey: Guid(403b9c80cf68aab488fe757a05c7ae20) Importer(815301076,1909f56bfc062723c751e8b465ee728b)
Start importing Assets/2D Casual UI/Sprite/GUI_18.asset using Guid(403b9c80cf68aab488fe757a05c7ae20) Importer(815301076,1909f56bfc062723c751e8b465ee728b)  -> (artifact id: 'ba2adf45871e3fd05e9ac8da5d1012fc') in 0.016156 seconds
Number of updated asset objects reloaded before import = 0
Number of asset objects unloaded after import = 3
========================================================================
Received Import Request.
  Time since last request: 0.148438 seconds.
  path: Assets/2D Casual UI/Sprite/GUI_15.asset
  artifactKey: Guid(8a76c855990a43a4c9e05c897cd7bf67) Importer(815301076,1909f56bfc062723c751e8b465ee728b)
Start importing Assets/2D Casual UI/Sprite/GUI_15.asset using Guid(8a76c855990a43a4c9e05c897cd7bf67) Importer(815301076,1909f56bfc062723c751e8b465ee728b)  -> (artifact id: '5a08ac7005e1d5ef67f203c783cdac9b') in 0.017894 seconds
Number of updated asset objects reloaded before import = 0
Number of asset objects unloaded after import = 3
========================================================================
Received Import Request.
  Time since last request: 2.607974 seconds.
  path: Assets/2D Casual UI/Sprite/GUI_12.asset
  artifactKey: Guid(25afcdd769b46054a977e5d9c5b05e2e) Importer(815301076,1909f56bfc062723c751e8b465ee728b)
Start importing Assets/2D Casual UI/Sprite/GUI_12.asset using Guid(25afcdd769b46054a977e5d9c5b05e2e) Importer(815301076,1909f56bfc062723c751e8b465ee728b)  -> (artifact id: '3d7c82a63df18a1402f6bd5d6fa891f7') in 0.039300 seconds
Number of updated asset objects reloaded before import = 0
Number of asset objects unloaded after import = 3
========================================================================
Received Import Request.
  Time since last request: 0.027883 seconds.
  path: Assets/2D Casual UI/Sprite/GUI_10.asset
  artifactKey: Guid(bb847767ba02a454db7633740687d709) Importer(815301076,1909f56bfc062723c751e8b465ee728b)
Start importing Assets/2D Casual UI/Sprite/GUI_10.asset using Guid(bb847767ba02a454db7633740687d709) Importer(815301076,1909f56bfc062723c751e8b465ee728b)  -> (artifact id: 'd6e2c4432af856653968c7f53c49af5d') in 0.027849 seconds
Number of updated asset objects reloaded before import = 0
Number of asset objects unloaded after import = 3
========================================================================
Received Import Request.
  Time since last request: 0.000016 seconds.
  path: Assets/2D Casual UI/Sprite/GUI_8.asset
  artifactKey: Guid(bd4e3616e2d27aa44aa8e28c4c52060e) Importer(815301076,1909f56bfc062723c751e8b465ee728b)
Start importing Assets/2D Casual UI/Sprite/GUI_8.asset using Guid(bd4e3616e2d27aa44aa8e28c4c52060e) Importer(815301076,1909f56bfc062723c751e8b465ee728b)  -> (artifact id: 'ad37ea1fdcd1b4165f9ec1a518e646c3') in 0.021534 seconds
Number of updated asset objects reloaded before import = 0
Number of asset objects unloaded after import = 3
========================================================================
Received Import Request.
  Time since last request: 0.048669 seconds.
  path: Assets/2D Casual UI/Sprite/GUI_5.asset
  artifactKey: Guid(9f2ab99a65562094494135eed0a304b1) Importer(815301076,1909f56bfc062723c751e8b465ee728b)
Start importing Assets/2D Casual UI/Sprite/GUI_5.asset using Guid(9f2ab99a65562094494135eed0a304b1) Importer(815301076,1909f56bfc062723c751e8b465ee728b)  -> (artifact id: 'd79c7da0b8fcca7abf92cecbc5871b6e') in 0.031102 seconds
Number of updated asset objects reloaded before import = 0
Number of asset objects unloaded after import = 3
========================================================================
Received Import Request.
  Time since last request: 7.761229 seconds.
  path: Assets/2D Casual UI/Sprite/GUI_2.asset
  artifactKey: Guid(1ba2e5f39c9b054458ed3ff3f5e27679) Importer(815301076,1909f56bfc062723c751e8b465ee728b)
Start importing Assets/2D Casual UI/Sprite/GUI_2.asset using Guid(1ba2e5f39c9b054458ed3ff3f5e27679) Importer(815301076,1909f56bfc062723c751e8b465ee728b)  -> (artifact id: 'da01747e4e9c0e5e5e242a1cba5ae384') in 0.045763 seconds
Number of updated asset objects reloaded before import = 0
Number of asset objects unloaded after import = 3
========================================================================
Received Import Request.
  Time since last request: 0.033080 seconds.
  path: Assets/2D Casual UI/Sprite/GUI_0.asset
  artifactKey: Guid(1df9db5ba84d8164998d707908b0b5f7) Importer(815301076,1909f56bfc062723c751e8b465ee728b)
Start importing Assets/2D Casual UI/Sprite/GUI_0.asset using Guid(1df9db5ba84d8164998d707908b0b5f7) Importer(815301076,1909f56bfc062723c751e8b465ee728b)  -> (artifact id: '0bb8c4937df496bdf1fb4094ab9a3240') in 0.021123 seconds
Number of updated asset objects reloaded before import = 0
Number of asset objects unloaded after import = 3
========================================================================
Received Prepare
Begin MonoManager ReloadAssembly
- Loaded All Assemblies, in  0.330 seconds
Refreshing native plugins compatible for Editor in 2.05 ms, found 3 plugins.
Native extension for WindowsStandalone target not found
Native extension for iOS target not found
Native extension for Android target not found
[Package Manager] Server::EnsureServerProcessIsRunning -- launch failed, reason: Unity was launched with the -noUpm command-line argument
[Package Manager] UpmClient::Send -- Unable to send message (not connected to UPM process).
[Package Manager] Cannot connect to Unity Package Manager local server
Mono: successfully reloaded assembly
- Finished resetting the current domain, in  0.596 seconds
Domain Reload Profiling: 924ms
	BeginReloadAssembly (119ms)
		ExecutionOrderSort (0ms)
		DisableScriptedObjects (3ms)
		BackupInstance (0ms)
		ReleaseScriptingObjects (0ms)
		CreateAndSetChildDomain (31ms)
	RebuildCommonClasses (23ms)
	RebuildNativeTypeToScriptingClass (8ms)
	initialDomainReloadingComplete (23ms)
	LoadAllAssembliesAndSetupDomain (155ms)
		LoadAssemblies (205ms)
		RebuildTransferFunctionScriptingTraits (0ms)
		AnalyzeDomain (9ms)
			TypeCache.Refresh (5ms)
				TypeCache.ScanAssembly (0ms)
			ScanForSourceGeneratedMonoScriptInfo (0ms)
			ResolveRequiredComponents (3ms)
	FinalizeReload (596ms)
		ReleaseScriptCaches (0ms)
		RebuildScriptCaches (0ms)
		SetupLoadedEditorAssemblies (270ms)
			LogAssemblyErrors (0ms)
			InitializePlatformSupportModulesInManaged (28ms)
			SetLoadedEditorAssemblies (2ms)
			RefreshPlugins (0ms)
			BeforeProcessingInitializeOnLoad (43ms)
			ProcessInitializeOnLoadAttributes (175ms)
			ProcessInitializeOnLoadMethodAttributes (17ms)
			AfterProcessingInitializeOnLoad (5ms)
			EditorAssembliesLoaded (0ms)
		ExecutionOrderSort2 (0ms)
		AwakeInstancesAfterBackupRestoration (7ms)
Refreshing native plugins compatible for Editor in 2.90 ms, found 3 plugins.
Preloading 0 native plugins for Editor in 0.00 ms.
Unloading 3119 Unused Serialized files (Serialized files now loaded: 0)
Unloading 23 unused Assets / (31.0 KB). Loaded Objects now: 3706.
Memory consumption went from 129.7 MB to 129.6 MB.
Total: 2.350400 ms (FindLiveObjects: 0.195600 ms CreateObjectMapping: 0.092300 ms MarkObjects: 2.016800 ms  DeleteObjects: 0.044200 ms)

Prepare: number of updated asset objects reloaded= 0
AssetImportParameters requested are different than current active one (requested -> active):
  custom:container-demuxer-ogg: 62fdf1f143b41e24485cea50d1cbac27 -> 
  custom:video-decoder-ogg-theora: a1e56fd34408186e4bbccfd4996cb3dc -> 
  custom:framework-win-MediaFoundation: 216162199b28c13a410421893ffa2e32 -> 
  custom:CustomObjectIndexerAttribute: 756ad292c208cfabdd7b50bc23989ffe -> 
  custom:container-demuxer-webm: 4f35f7cbe854078d1ac9338744f61a02 -> 
  custom:container-muxer-webm: aa71ff27fc2769a1b78a27578f13a17b -> 
  custom:video-decoder-webm-vp8: 9c59270c3fd7afecdb556c50c9e8de78 -> 
  custom:SearchIndexIgnoredProperties: e643bd26f0fe6173181afceb89e7c659 -> 
  custom:AudioImporter_EditorPlatform: d09bf68614088b80899f8185d706f6e7 -> 
  custom:video-encoder-webm-vp8: eb34c28f22e8b96e1ab97ce403110664 -> 
  custom:audio-decoder-ogg-vorbis: bf7c407c2cedff20999df2af8eb42d56 -> 
  custom:audio-encoder-webm-vorbis: bf7c407c2cedff20999df2af8eb42d56 -> 
========================================================================
Received Import Request.
  Time since last request: 142.707613 seconds.
  path: Assets/Fonts/Cheerful Donuts.otf
  artifactKey: Guid(73934c4bc29907c478e3454996e3a5bb) Importer(815301076,1909f56bfc062723c751e8b465ee728b)
Start importing Assets/Fonts/Cheerful Donuts.otf using Guid(73934c4bc29907c478e3454996e3a5bb) Importer(815301076,1909f56bfc062723c751e8b465ee728b)  -> (artifact id: 'd51664fca4ee67f1122c816e2c4f8980') in 0.086489 seconds
Number of updated asset objects reloaded before import = 0
Number of asset objects unloaded after import = 4
========================================================================
Received Import Request.
  Time since last request: 0.000055 seconds.
  path: Assets/Fonts/Super Space.otf
  artifactKey: Guid(fe7a6ae22421e57429c04389c2339a53) Importer(815301076,1909f56bfc062723c751e8b465ee728b)
Start importing Assets/Fonts/Super Space.otf using Guid(fe7a6ae22421e57429c04389c2339a53) Importer(815301076,1909f56bfc062723c751e8b465ee728b)  -> (artifact id: 'e1172a9baec02a20fe5f62bd2fa3a00d') in 0.014169 seconds
Number of updated asset objects reloaded before import = 0
Number of asset objects unloaded after import = 4
========================================================================
Received Import Request.
  Time since last request: 181.448572 seconds.
  path: Assets/TextMesh Pro/Examples & Extras/Resources/Fonts & Materials/Bangers SDF.asset
  artifactKey: Guid(125cb55b44b24c4393181402bc6200e6) Importer(815301076,1909f56bfc062723c751e8b465ee728b)
Start importing Assets/TextMesh Pro/Examples & Extras/Resources/Fonts & Materials/Bangers SDF.asset using Guid(125cb55b44b24c4393181402bc6200e6) Importer(815301076,1909f56bfc062723c751e8b465ee728b)  -> (artifact id: '1da10133d372d775844e177eb23aa57f') in 0.045723 seconds
Number of updated asset objects reloaded before import = 0
Number of asset objects unloaded after import = 6
