Using pre-set license
Built from '2022.3/release' branch; Version is '2022.3.12f1 (4fe6e059c7ef) revision 5236448'; Using compiler version '192829333'; Build Type 'Release'
OS: 'Windows 11  (10.0.22621) 64bit Core' Language: 'it' Physical Memory: 16088 MB
BatchMode: 1, IsHumanControllingUs: 0, StartBugReporterOnCrash: 0, Is64bit: 1, IsPro: 1

COMMAND LINE ARGUMENTS:
C:\Program Files\Unity\Hub\Editor\2022.3.12f1\Editor\Unity.exe
-adb2
-batchMode
-noUpm
-name
AssetImportWorker4
-projectPath
C:/Users/samba/GitFile/PNT/Team Natalizio
-logFile
Logs/AssetImportWorker4.log
-srvPort
58802
Successfully changed project path to: C:/Users/samba/GitFile/PNT/Team Natalizio
C:/Users/samba/GitFile/PNT/Team Natalizio
[UnityMemory] Configuration Parameters - Can be set up in boot.config
    "memorysetup-bucket-allocator-granularity=16"
    "memorysetup-bucket-allocator-bucket-count=8"
    "memorysetup-bucket-allocator-block-size=33554432"
    "memorysetup-bucket-allocator-block-count=8"
    "memorysetup-main-allocator-block-size=16777216"
    "memorysetup-thread-allocator-block-size=16777216"
    "memorysetup-gfx-main-allocator-block-size=16777216"
    "memorysetup-gfx-thread-allocator-block-size=16777216"
    "memorysetup-cache-allocator-block-size=4194304"
    "memorysetup-typetree-allocator-block-size=2097152"
    "memorysetup-profiler-bucket-allocator-granularity=16"
    "memorysetup-profiler-bucket-allocator-bucket-count=8"
    "memorysetup-profiler-bucket-allocator-block-size=33554432"
    "memorysetup-profiler-bucket-allocator-block-count=8"
    "memorysetup-profiler-allocator-block-size=16777216"
    "memorysetup-profiler-editor-allocator-block-size=1048576"
    "memorysetup-temp-allocator-size-main=16777216"
    "memorysetup-job-temp-allocator-block-size=2097152"
    "memorysetup-job-temp-allocator-block-size-background=1048576"
    "memorysetup-job-temp-allocator-reduction-small-platforms=262144"
    "memorysetup-allocator-temp-initial-block-size-main=262144"
    "memorysetup-allocator-temp-initial-block-size-worker=262144"
    "memorysetup-temp-allocator-size-background-worker=32768"
    "memorysetup-temp-allocator-size-job-worker=262144"
    "memorysetup-temp-allocator-size-preload-manager=33554432"
    "memorysetup-temp-allocator-size-nav-mesh-worker=65536"
    "memorysetup-temp-allocator-size-audio-worker=65536"
    "memorysetup-temp-allocator-size-cloud-worker=32768"
    "memorysetup-temp-allocator-size-gi-baking-worker=262144"
    "memorysetup-temp-allocator-size-gfx=262144"
Player connection [8112] Host "[IP] 192.168.1.105 [Port] 0 [Flags] 2 [Guid] 3688981651 [EditorId] 3688981651 [Version] 1048832 [Id] WindowsEditor(7,MSI) [Debug] 1 [PackageName] WindowsEditor [ProjectName] Editor" joined multi-casting on [225.0.0.222:54997]...

Player connection [8112] Host "[IP] 192.168.1.105 [Port] 0 [Flags] 2 [Guid] 3688981651 [EditorId] 3688981651 [Version] 1048832 [Id] WindowsEditor(7,MSI) [Debug] 1 [PackageName] WindowsEditor [ProjectName] Editor" joined alternative multi-casting on [225.0.0.222:34997]...

[Physics::Module] Initialized MultithreadedJobDispatcher with 19 workers.
Refreshing native plugins compatible for Editor in 8.01 ms, found 3 plugins.
Preloading 0 native plugins for Editor in 0.00 ms.
Initialize engine version: 2022.3.12f1 (4fe6e059c7ef)
[Subsystems] Discovering subsystems at path C:/Program Files/Unity/Hub/Editor/2022.3.12f1/Editor/Data/Resources/UnitySubsystems
[Subsystems] Discovering subsystems at path C:/Users/samba/GitFile/PNT/Team Natalizio/Assets
GfxDevice: creating device client; threaded=0; jobified=0
Direct3D:
    Version:  Direct3D 11.0 [level 11.1]
    Renderer: NVIDIA GeForce RTX 3060 Laptop GPU (ID=0x2520)
    Vendor:   NVIDIA
    VRAM:     6010 MB
    Driver:   31.0.15.4601
Initialize mono
Mono path[0] = 'C:/Program Files/Unity/Hub/Editor/2022.3.12f1/Editor/Data/Managed'
Mono path[1] = 'C:/Program Files/Unity/Hub/Editor/2022.3.12f1/Editor/Data/MonoBleedingEdge/lib/mono/unityjit-win32'
Mono config path = 'C:/Program Files/Unity/Hub/Editor/2022.3.12f1/Editor/Data/MonoBleedingEdge/etc'
Using monoOptions --debugger-agent=transport=dt_socket,embedding=1,server=y,suspend=n,address=127.0.0.1:56148
Begin MonoManager ReloadAssembly
Registering precompiled unity dll's ...
Register platform support module: C:/Program Files/Unity/Hub/Editor/2022.3.12f1/Editor/Data/PlaybackEngines/AndroidPlayer/UnityEditor.Android.Extensions.dll
Register platform support module: C:/Program Files/Unity/Hub/Editor/2022.3.12f1/Editor/Data/PlaybackEngines/iOSSupport/UnityEditor.iOS.Extensions.dll
Register platform support module: C:/Program Files/Unity/Hub/Editor/2022.3.12f1/Editor/Data/PlaybackEngines/WindowsStandaloneSupport/UnityEditor.WindowsStandalone.Extensions.dll
Registered in 0.009390 seconds.
- Loaded All Assemblies, in  0.297 seconds
Native extension for WindowsStandalone target not found
[usbmuxd] Start listen thread
[usbmuxd] Listen thread started
Native extension for iOS target not found
Native extension for Android target not found
Android Extension - Scanning For ADB Devices 348 ms
Mono: successfully reloaded assembly
- Finished resetting the current domain, in  0.620 seconds
Domain Reload Profiling: 916ms
	BeginReloadAssembly (94ms)
		ExecutionOrderSort (0ms)
		DisableScriptedObjects (0ms)
		BackupInstance (0ms)
		ReleaseScriptingObjects (0ms)
		CreateAndSetChildDomain (1ms)
	RebuildCommonClasses (25ms)
	RebuildNativeTypeToScriptingClass (8ms)
	initialDomainReloadingComplete (52ms)
	LoadAllAssembliesAndSetupDomain (116ms)
		LoadAssemblies (92ms)
		RebuildTransferFunctionScriptingTraits (0ms)
		AnalyzeDomain (114ms)
			TypeCache.Refresh (113ms)
				TypeCache.ScanAssembly (102ms)
			ScanForSourceGeneratedMonoScriptInfo (0ms)
			ResolveRequiredComponents (0ms)
	FinalizeReload (620ms)
		ReleaseScriptCaches (0ms)
		RebuildScriptCaches (0ms)
		SetupLoadedEditorAssemblies (577ms)
			LogAssemblyErrors (0ms)
			InitializePlatformSupportModulesInManaged (461ms)
			SetLoadedEditorAssemblies (4ms)
			RefreshPlugins (0ms)
			BeforeProcessingInitializeOnLoad (2ms)
			ProcessInitializeOnLoadAttributes (73ms)
			ProcessInitializeOnLoadMethodAttributes (36ms)
			AfterProcessingInitializeOnLoad (0ms)
			EditorAssembliesLoaded (0ms)
		ExecutionOrderSort2 (0ms)
		AwakeInstancesAfterBackupRestoration (0ms)
========================================================================
Worker process is ready to serve import requests
Begin MonoManager ReloadAssembly
- Loaded All Assemblies, in  0.647 seconds
Refreshing native plugins compatible for Editor in 7.51 ms, found 3 plugins.
Native extension for WindowsStandalone target not found
Native extension for iOS target not found
Native extension for Android target not found
Package Manager log level set to [2]
[Package Manager] Server::EnsureServerProcessIsRunning -- launch failed, reason: Unity was launched with the -noUpm command-line argument
[Package Manager] UpmClient::Send -- Unable to send message (not connected to UPM process).
[Package Manager] Cannot connect to Unity Package Manager local server
Mono: successfully reloaded assembly
- Finished resetting the current domain, in  0.505 seconds
Domain Reload Profiling: 1150ms
	BeginReloadAssembly (130ms)
		ExecutionOrderSort (0ms)
		DisableScriptedObjects (4ms)
		BackupInstance (0ms)
		ReleaseScriptingObjects (0ms)
		CreateAndSetChildDomain (20ms)
	RebuildCommonClasses (25ms)
	RebuildNativeTypeToScriptingClass (8ms)
	initialDomainReloadingComplete (39ms)
	LoadAllAssembliesAndSetupDomain (442ms)
		LoadAssemblies (360ms)
		RebuildTransferFunctionScriptingTraits (0ms)
		AnalyzeDomain (163ms)
			TypeCache.Refresh (147ms)
				TypeCache.ScanAssembly (131ms)
			ScanForSourceGeneratedMonoScriptInfo (11ms)
			ResolveRequiredComponents (3ms)
	FinalizeReload (506ms)
		ReleaseScriptCaches (0ms)
		RebuildScriptCaches (0ms)
		SetupLoadedEditorAssemblies (361ms)
			LogAssemblyErrors (0ms)
			InitializePlatformSupportModulesInManaged (34ms)
			SetLoadedEditorAssemblies (4ms)
			RefreshPlugins (0ms)
			BeforeProcessingInitializeOnLoad (56ms)
			ProcessInitializeOnLoadAttributes (246ms)
			ProcessInitializeOnLoadMethodAttributes (17ms)
			AfterProcessingInitializeOnLoad (5ms)
			EditorAssembliesLoaded (0ms)
		ExecutionOrderSort2 (0ms)
		AwakeInstancesAfterBackupRestoration (5ms)
Launched and connected shader compiler UnityShaderCompiler.exe after 0.07 seconds
Refreshing native plugins compatible for Editor in 4.70 ms, found 3 plugins.
Preloading 0 native plugins for Editor in 0.00 ms.
Unloading 3143 Unused Serialized files (Serialized files now loaded: 0)
Unloading 32 unused Assets / (57.1 KB). Loaded Objects now: 3610.
Memory consumption went from 132.7 MB to 132.6 MB.
Total: 2.681500 ms (FindLiveObjects: 0.227800 ms CreateObjectMapping: 0.098600 ms MarkObjects: 2.257000 ms  DeleteObjects: 0.096700 ms)

AssetImportParameters requested are different than current active one (requested -> active):
  custom:container-demuxer-ogg: 62fdf1f143b41e24485cea50d1cbac27 -> 
  custom:video-decoder-ogg-theora: a1e56fd34408186e4bbccfd4996cb3dc -> 
  custom:framework-win-MediaFoundation: 216162199b28c13a410421893ffa2e32 -> 
  custom:CustomObjectIndexerAttribute: 756ad292c208cfabdd7b50bc23989ffe -> 
  custom:container-demuxer-webm: 4f35f7cbe854078d1ac9338744f61a02 -> 
  custom:container-muxer-webm: aa71ff27fc2769a1b78a27578f13a17b -> 
  custom:video-decoder-webm-vp8: 9c59270c3fd7afecdb556c50c9e8de78 -> 
  custom:SearchIndexIgnoredProperties: e643bd26f0fe6173181afceb89e7c659 -> 
  custom:AudioImporter_EditorPlatform: d09bf68614088b80899f8185d706f6e7 -> 
  custom:video-encoder-webm-vp8: eb34c28f22e8b96e1ab97ce403110664 -> 
  custom:audio-decoder-ogg-vorbis: bf7c407c2cedff20999df2af8eb42d56 -> 
  custom:audio-encoder-webm-vorbis: bf7c407c2cedff20999df2af8eb42d56 -> 
========================================================================
Received Import Request.
  Time since last request: 340306.528095 seconds.
  path: Assets/Fonts/Font TMP/MattehekFree SDF.asset
  artifactKey: Guid(3464a36f1ab133d4f890fbb3ac23f9b1) Importer(815301076,1909f56bfc062723c751e8b465ee728b)
Start importing Assets/Fonts/Font TMP/MattehekFree SDF.asset using Guid(3464a36f1ab133d4f890fbb3ac23f9b1) Importer(815301076,1909f56bfc062723c751e8b465ee728b)  -> (artifact id: 'fc0d46cee70c365b6ab10be901084326') in 0.125601 seconds
Number of updated asset objects reloaded before import = 0
Number of asset objects unloaded after import = 6
========================================================================
Received Import Request.
  Time since last request: 0.000038 seconds.
  path: Assets/Fonts/Font TMP/BiggerDisplay SDF.asset
  artifactKey: Guid(0a4d8403667ba8b4a82d338e42019aa7) Importer(815301076,1909f56bfc062723c751e8b465ee728b)
Start importing Assets/Fonts/Font TMP/BiggerDisplay SDF.asset using Guid(0a4d8403667ba8b4a82d338e42019aa7) Importer(815301076,1909f56bfc062723c751e8b465ee728b)  -> (artifact id: '51ec75d32a2402c5d7d0945107858582') in 0.040778 seconds
Number of updated asset objects reloaded before import = 0
Number of asset objects unloaded after import = 6
========================================================================
Received Import Request.
  Time since last request: 0.000021 seconds.
  path: Assets/TextMesh Pro/Examples & Extras/Resources/Fonts & Materials/Oswald Bold SDF.asset
  artifactKey: Guid(0161d805a3764c089bef00bfe00793f5) Importer(815301076,1909f56bfc062723c751e8b465ee728b)
Start importing Assets/TextMesh Pro/Examples & Extras/Resources/Fonts & Materials/Oswald Bold SDF.asset using Guid(0161d805a3764c089bef00bfe00793f5) Importer(815301076,1909f56bfc062723c751e8b465ee728b)  -> (artifact id: '7cf56375004185e4e6068dbf2c1569d5') in 0.038730 seconds
Number of updated asset objects reloaded before import = 0
Number of asset objects unloaded after import = 6
========================================================================
Received Import Request.
  Time since last request: 218.209745 seconds.
  path: Assets/2D Casual UI/Sprite/GUI_63.asset
  artifactKey: Guid(03a1c75a124324541bfcbb44b53571d6) Importer(815301076,1909f56bfc062723c751e8b465ee728b)
Start importing Assets/2D Casual UI/Sprite/GUI_63.asset using Guid(03a1c75a124324541bfcbb44b53571d6) Importer(815301076,1909f56bfc062723c751e8b465ee728b)  -> (artifact id: '5c8837946067db2b1223bed1d0f9b463') in 0.054510 seconds
Number of updated asset objects reloaded before import = 0
Number of asset objects unloaded after import = 3
========================================================================
Received Import Request.
  Time since last request: 0.000166 seconds.
  path: Assets/2D Casual UI/Sprite/GUI_67.asset
  artifactKey: Guid(87418dd5ef2e6a747923bfdba5b48c9b) Importer(815301076,1909f56bfc062723c751e8b465ee728b)
Start importing Assets/2D Casual UI/Sprite/GUI_67.asset using Guid(87418dd5ef2e6a747923bfdba5b48c9b) Importer(815301076,1909f56bfc062723c751e8b465ee728b)  -> (artifact id: '2181bc36bf95e4b9904d55f38edc73f9') in 0.031160 seconds
Number of updated asset objects reloaded before import = 0
Number of asset objects unloaded after import = 3
========================================================================
Received Import Request.
  Time since last request: 0.000016 seconds.
  path: Assets/2D Casual UI/Sprite/GUI.png
  artifactKey: Guid(1eaee135ce037439d925cee5e41ce026) Importer(815301076,1909f56bfc062723c751e8b465ee728b)
Start importing Assets/2D Casual UI/Sprite/GUI.png using Guid(1eaee135ce037439d925cee5e41ce026) Importer(815301076,1909f56bfc062723c751e8b465ee728b)  -> (artifact id: '7fcd6a6c95ccc1369881bfae534e2707') in 0.201389 seconds
Number of updated asset objects reloaded before import = 0
Number of asset objects unloaded after import = 64
========================================================================
Received Import Request.
  Time since last request: 7.959507 seconds.
  path: Assets/2D Casual UI/Sprite/GUI_61.asset
  artifactKey: Guid(0b9f48d08e38ea44990374342fbeb270) Importer(815301076,1909f56bfc062723c751e8b465ee728b)
Start importing Assets/2D Casual UI/Sprite/GUI_61.asset using Guid(0b9f48d08e38ea44990374342fbeb270) Importer(815301076,1909f56bfc062723c751e8b465ee728b)  -> (artifact id: 'a309b842399f40d4b6e732b0e04b1133') in 0.018497 seconds
Number of updated asset objects reloaded before import = 0
Number of asset objects unloaded after import = 3
========================================================================
Received Import Request.
  Time since last request: 0.038193 seconds.
  path: Assets/2D Casual UI/Sprite/GUI_59.asset
  artifactKey: Guid(5b89df475aefeda45bf671fb94b03431) Importer(815301076,1909f56bfc062723c751e8b465ee728b)
Start importing Assets/2D Casual UI/Sprite/GUI_59.asset using Guid(5b89df475aefeda45bf671fb94b03431) Importer(815301076,1909f56bfc062723c751e8b465ee728b)  -> (artifact id: 'abc445bea2afb25fd71eb91bb1d3b221') in 0.014089 seconds
Number of updated asset objects reloaded before import = 0
Number of asset objects unloaded after import = 3
========================================================================
Received Import Request.
  Time since last request: 0.326315 seconds.
  path: Assets/2D Casual UI/Sprite/GUI_56.asset
  artifactKey: Guid(6b964d7165a265c42b46f41f4232a928) Importer(815301076,1909f56bfc062723c751e8b465ee728b)
Start importing Assets/2D Casual UI/Sprite/GUI_56.asset using Guid(6b964d7165a265c42b46f41f4232a928) Importer(815301076,1909f56bfc062723c751e8b465ee728b)  -> (artifact id: 'd4cb8b9f32158968ae802000dd9dd295') in 0.016761 seconds
Number of updated asset objects reloaded before import = 0
Number of asset objects unloaded after import = 3
========================================================================
Received Import Request.
  Time since last request: 0.084022 seconds.
  path: Assets/2D Casual UI/Sprite/GUI_54.asset
  artifactKey: Guid(e71f001c6d35ee4478c5816ba4e0c0cf) Importer(815301076,1909f56bfc062723c751e8b465ee728b)
Start importing Assets/2D Casual UI/Sprite/GUI_54.asset using Guid(e71f001c6d35ee4478c5816ba4e0c0cf) Importer(815301076,1909f56bfc062723c751e8b465ee728b)  -> (artifact id: '6bf88eb3ec53e57d2559ea698fb29dbb') in 0.015063 seconds
Number of updated asset objects reloaded before import = 0
Number of asset objects unloaded after import = 3
========================================================================
Received Import Request.
  Time since last request: 0.347806 seconds.
  path: Assets/2D Casual UI/Sprite/GUI_51.asset
  artifactKey: Guid(f4b07636dfb49bb48a886108f2ab69bc) Importer(815301076,1909f56bfc062723c751e8b465ee728b)
Start importing Assets/2D Casual UI/Sprite/GUI_51.asset using Guid(f4b07636dfb49bb48a886108f2ab69bc) Importer(815301076,1909f56bfc062723c751e8b465ee728b)  -> (artifact id: '7ce2a78af8092cc749203ce9b686a4a3') in 0.018264 seconds
Number of updated asset objects reloaded before import = 0
Number of asset objects unloaded after import = 3
========================================================================
Received Import Request.
  Time since last request: 0.025601 seconds.
  path: Assets/2D Casual UI/Sprite/GUI_47.asset
  artifactKey: Guid(f3951107b7a467c4e83418ca353d0933) Importer(815301076,1909f56bfc062723c751e8b465ee728b)
Start importing Assets/2D Casual UI/Sprite/GUI_47.asset using Guid(f3951107b7a467c4e83418ca353d0933) Importer(815301076,1909f56bfc062723c751e8b465ee728b)  -> (artifact id: '68ff25cc1836bbde4d114a597fe1a180') in 0.014587 seconds
Number of updated asset objects reloaded before import = 0
Number of asset objects unloaded after import = 3
========================================================================
Received Import Request.
  Time since last request: 0.076162 seconds.
  path: Assets/2D Casual UI/Sprite/GUI_44.asset
  artifactKey: Guid(326f10f9a55592b4bae36bf14557c57d) Importer(815301076,1909f56bfc062723c751e8b465ee728b)
Start importing Assets/2D Casual UI/Sprite/GUI_44.asset using Guid(326f10f9a55592b4bae36bf14557c57d) Importer(815301076,1909f56bfc062723c751e8b465ee728b)  -> (artifact id: 'f7695dd4e569b879561799e8fb1a8ba7') in 0.020427 seconds
Number of updated asset objects reloaded before import = 0
Number of asset objects unloaded after import = 3
========================================================================
Received Import Request.
  Time since last request: 4.009031 seconds.
  path: Assets/2D Casual UI/Sprite/GUI_36.asset
  artifactKey: Guid(7c511b5391ba34649b599aa1371bfd86) Importer(815301076,1909f56bfc062723c751e8b465ee728b)
Start importing Assets/2D Casual UI/Sprite/GUI_36.asset using Guid(7c511b5391ba34649b599aa1371bfd86) Importer(815301076,1909f56bfc062723c751e8b465ee728b)  -> (artifact id: '097e9d5c96c0f9490c5d32bc89316d28') in 0.034331 seconds
Number of updated asset objects reloaded before import = 0
Number of asset objects unloaded after import = 3
========================================================================
Received Import Request.
  Time since last request: 0.066861 seconds.
  path: Assets/2D Casual UI/Sprite/GUI_34.asset
  artifactKey: Guid(6580822d803b84c49bcb004ebd1b68cb) Importer(815301076,1909f56bfc062723c751e8b465ee728b)
Start importing Assets/2D Casual UI/Sprite/GUI_34.asset using Guid(6580822d803b84c49bcb004ebd1b68cb) Importer(815301076,1909f56bfc062723c751e8b465ee728b)  -> (artifact id: '6f7864eb3f306b62fdf9a0ea180537b1') in 0.023474 seconds
Number of updated asset objects reloaded before import = 0
Number of asset objects unloaded after import = 3
========================================================================
Received Import Request.
  Time since last request: 0.389868 seconds.
  path: Assets/2D Casual UI/Sprite/GUI_32.asset
  artifactKey: Guid(c7cae901c7a390640a01d9ed26f2bb29) Importer(815301076,1909f56bfc062723c751e8b465ee728b)
Start importing Assets/2D Casual UI/Sprite/GUI_32.asset using Guid(c7cae901c7a390640a01d9ed26f2bb29) Importer(815301076,1909f56bfc062723c751e8b465ee728b)  -> (artifact id: 'f9319fcc1f7fe5c8f91443c37b2a5bf4') in 0.032025 seconds
Number of updated asset objects reloaded before import = 0
Number of asset objects unloaded after import = 3
========================================================================
Received Import Request.
  Time since last request: 0.134821 seconds.
  path: Assets/2D Casual UI/Sprite/GUI_29.asset
  artifactKey: Guid(cd7a0a749b8ea834fa1ab83e06a6858d) Importer(815301076,1909f56bfc062723c751e8b465ee728b)
Start importing Assets/2D Casual UI/Sprite/GUI_29.asset using Guid(cd7a0a749b8ea834fa1ab83e06a6858d) Importer(815301076,1909f56bfc062723c751e8b465ee728b)  -> (artifact id: '0d7f504a1307714d48480bd156c3f62d') in 0.037074 seconds
Number of updated asset objects reloaded before import = 0
Number of asset objects unloaded after import = 3
========================================================================
Received Import Request.
  Time since last request: 0.397433 seconds.
  path: Assets/2D Casual UI/Sprite/GUI_27.asset
  artifactKey: Guid(201cf48a2f10b4345a75ddffaabfc038) Importer(815301076,1909f56bfc062723c751e8b465ee728b)
Start importing Assets/2D Casual UI/Sprite/GUI_27.asset using Guid(201cf48a2f10b4345a75ddffaabfc038) Importer(815301076,1909f56bfc062723c751e8b465ee728b)  -> (artifact id: 'df42d16b460281558bb71dad06d5d898') in 0.045444 seconds
Number of updated asset objects reloaded before import = 0
Number of asset objects unloaded after import = 3
========================================================================
Received Import Request.
  Time since last request: 0.041407 seconds.
  path: Assets/2D Casual UI/Sprite/GUI_24.asset
  artifactKey: Guid(33d05ed5fd4c7b64b9c45048cbedc602) Importer(815301076,1909f56bfc062723c751e8b465ee728b)
Start importing Assets/2D Casual UI/Sprite/GUI_24.asset using Guid(33d05ed5fd4c7b64b9c45048cbedc602) Importer(815301076,1909f56bfc062723c751e8b465ee728b)  -> (artifact id: '16830d12f5805ec0a17ab936ebc3a84b') in 0.036466 seconds
Number of updated asset objects reloaded before import = 0
Number of asset objects unloaded after import = 3
========================================================================
Received Import Request.
  Time since last request: 5.934732 seconds.
  path: Assets/2D Casual UI/Sprite/GUI_21.asset
  artifactKey: Guid(ae0e5e7d521b34e4e9ca3bcc86f54526) Importer(815301076,1909f56bfc062723c751e8b465ee728b)
Start importing Assets/2D Casual UI/Sprite/GUI_21.asset using Guid(ae0e5e7d521b34e4e9ca3bcc86f54526) Importer(815301076,1909f56bfc062723c751e8b465ee728b)  -> (artifact id: '259a3d9ecaf1467a56687a28536c73ea') in 0.017712 seconds
Number of updated asset objects reloaded before import = 0
Number of asset objects unloaded after import = 3
========================================================================
Received Import Request.
  Time since last request: 0.068373 seconds.
  path: Assets/2D Casual UI/Sprite/GUI_19.asset
  artifactKey: Guid(e5cbd6d90beca764c99f2e6a37a5e259) Importer(815301076,1909f56bfc062723c751e8b465ee728b)
Start importing Assets/2D Casual UI/Sprite/GUI_19.asset using Guid(e5cbd6d90beca764c99f2e6a37a5e259) Importer(815301076,1909f56bfc062723c751e8b465ee728b)  -> (artifact id: 'c61b5faf28d383722f5825595fa2df29') in 0.016080 seconds
Number of updated asset objects reloaded before import = 0
Number of asset objects unloaded after import = 3
========================================================================
Received Import Request.
  Time since last request: 0.114729 seconds.
  path: Assets/2D Casual UI/Sprite/GUI_17.asset
  artifactKey: Guid(37585ecba9f75d54288d86851aba5f88) Importer(815301076,1909f56bfc062723c751e8b465ee728b)
Start importing Assets/2D Casual UI/Sprite/GUI_17.asset using Guid(37585ecba9f75d54288d86851aba5f88) Importer(815301076,1909f56bfc062723c751e8b465ee728b)  -> (artifact id: 'b0ca5bd861eea39df006615dddb028e9') in 0.020025 seconds
Number of updated asset objects reloaded before import = 0
Number of asset objects unloaded after import = 3
========================================================================
Received Import Request.
  Time since last request: 0.143547 seconds.
  path: Assets/2D Casual UI/Sprite/GUI_14.asset
  artifactKey: Guid(a95e6485d341e7e4d94f271095cf6b6b) Importer(815301076,1909f56bfc062723c751e8b465ee728b)
Start importing Assets/2D Casual UI/Sprite/GUI_14.asset using Guid(a95e6485d341e7e4d94f271095cf6b6b) Importer(815301076,1909f56bfc062723c751e8b465ee728b)  -> (artifact id: 'ec7c252f59fab2fa3a933e690b0b5dfd') in 0.017372 seconds
Number of updated asset objects reloaded before import = 0
Number of asset objects unloaded after import = 3
========================================================================
Received Import Request.
  Time since last request: 2.604951 seconds.
  path: Assets/2D Casual UI/Sprite/GUI_11.asset
  artifactKey: Guid(af9a7e26fea4a234bac9ee29255b85d6) Importer(815301076,1909f56bfc062723c751e8b465ee728b)
Start importing Assets/2D Casual UI/Sprite/GUI_11.asset using Guid(af9a7e26fea4a234bac9ee29255b85d6) Importer(815301076,1909f56bfc062723c751e8b465ee728b)  -> (artifact id: '7a76149a5f33dbea6667fb96130f0bdc') in 0.045375 seconds
Number of updated asset objects reloaded before import = 0
Number of asset objects unloaded after import = 3
========================================================================
Received Import Request.
  Time since last request: 0.030681 seconds.
  path: Assets/2D Casual UI/Sprite/GUI_9.asset
  artifactKey: Guid(ad37a236d7834c448b4a66e74e132597) Importer(815301076,1909f56bfc062723c751e8b465ee728b)
Start importing Assets/2D Casual UI/Sprite/GUI_9.asset using Guid(ad37a236d7834c448b4a66e74e132597) Importer(815301076,1909f56bfc062723c751e8b465ee728b)  -> (artifact id: 'd7e99f80bbb38705a35fcecfb3e38d1e') in 0.029323 seconds
Number of updated asset objects reloaded before import = 0
Number of asset objects unloaded after import = 3
========================================================================
Received Import Request.
  Time since last request: 0.066100 seconds.
  path: Assets/2D Casual UI/Sprite/GUI_4.asset
  artifactKey: Guid(73e1f8163962cdf4ca8d62d32060ca04) Importer(815301076,1909f56bfc062723c751e8b465ee728b)
Start importing Assets/2D Casual UI/Sprite/GUI_4.asset using Guid(73e1f8163962cdf4ca8d62d32060ca04) Importer(815301076,1909f56bfc062723c751e8b465ee728b)  -> (artifact id: '91bff0bb4872cc9a61ec9c391c0a3a93') in 0.024900 seconds
Number of updated asset objects reloaded before import = 0
Number of asset objects unloaded after import = 3
========================================================================
Received Import Request.
  Time since last request: 7.761057 seconds.
  path: Assets/2D Casual UI/Sprite/GUI_1.asset
  artifactKey: Guid(9a70982c14a73a34ba4a685e96d3e7f9) Importer(815301076,1909f56bfc062723c751e8b465ee728b)
Start importing Assets/2D Casual UI/Sprite/GUI_1.asset using Guid(9a70982c14a73a34ba4a685e96d3e7f9) Importer(815301076,1909f56bfc062723c751e8b465ee728b)  -> (artifact id: '51664cfc950279ec03b1569007d58a72') in 0.025584 seconds
Number of updated asset objects reloaded before import = 0
Number of asset objects unloaded after import = 3
========================================================================
Received Import Request.
  Time since last request: 0.054290 seconds.
  path: Assets/2D Casual UI/Original Artwork/GUI.psd
  artifactKey: Guid(836eca08b5e3b4550a4538c2238266fd) Importer(815301076,1909f56bfc062723c751e8b465ee728b)
Start importing Assets/2D Casual UI/Original Artwork/GUI.psd using Guid(836eca08b5e3b4550a4538c2238266fd) Importer(815301076,1909f56bfc062723c751e8b465ee728b)  -> (artifact id: '1d6e45491d35352699d660e2df615280') in 0.049885 seconds
Number of updated asset objects reloaded before import = 0
Number of asset objects unloaded after import = 3
========================================================================
Received Prepare
Begin MonoManager ReloadAssembly
- Loaded All Assemblies, in  0.325 seconds
Refreshing native plugins compatible for Editor in 2.12 ms, found 3 plugins.
Native extension for WindowsStandalone target not found
Native extension for iOS target not found
Native extension for Android target not found
[Package Manager] Server::EnsureServerProcessIsRunning -- launch failed, reason: Unity was launched with the -noUpm command-line argument
[Package Manager] UpmClient::Send -- Unable to send message (not connected to UPM process).
[Package Manager] Cannot connect to Unity Package Manager local server
Mono: successfully reloaded assembly
- Finished resetting the current domain, in  0.597 seconds
Domain Reload Profiling: 920ms
	BeginReloadAssembly (119ms)
		ExecutionOrderSort (0ms)
		DisableScriptedObjects (3ms)
		BackupInstance (0ms)
		ReleaseScriptingObjects (0ms)
		CreateAndSetChildDomain (28ms)
	RebuildCommonClasses (23ms)
	RebuildNativeTypeToScriptingClass (7ms)
	initialDomainReloadingComplete (22ms)
	LoadAllAssembliesAndSetupDomain (151ms)
		LoadAssemblies (204ms)
		RebuildTransferFunctionScriptingTraits (0ms)
		AnalyzeDomain (9ms)
			TypeCache.Refresh (5ms)
				TypeCache.ScanAssembly (0ms)
			ScanForSourceGeneratedMonoScriptInfo (0ms)
			ResolveRequiredComponents (3ms)
	FinalizeReload (597ms)
		ReleaseScriptCaches (0ms)
		RebuildScriptCaches (0ms)
		SetupLoadedEditorAssemblies (263ms)
			LogAssemblyErrors (0ms)
			InitializePlatformSupportModulesInManaged (27ms)
			SetLoadedEditorAssemblies (2ms)
			RefreshPlugins (0ms)
			BeforeProcessingInitializeOnLoad (43ms)
			ProcessInitializeOnLoadAttributes (170ms)
			ProcessInitializeOnLoadMethodAttributes (15ms)
			AfterProcessingInitializeOnLoad (6ms)
			EditorAssembliesLoaded (0ms)
		ExecutionOrderSort2 (0ms)
		AwakeInstancesAfterBackupRestoration (6ms)
Refreshing native plugins compatible for Editor in 2.76 ms, found 3 plugins.
Preloading 0 native plugins for Editor in 0.00 ms.
Unloading 3119 Unused Serialized files (Serialized files now loaded: 0)
Unloading 23 unused Assets / (31.0 KB). Loaded Objects now: 3765.
Memory consumption went from 129.7 MB to 129.7 MB.
Total: 2.336400 ms (FindLiveObjects: 0.215400 ms CreateObjectMapping: 0.094900 ms MarkObjects: 1.985300 ms  DeleteObjects: 0.039300 ms)

Prepare: number of updated asset objects reloaded= 0
AssetImportParameters requested are different than current active one (requested -> active):
  custom:container-demuxer-ogg: 62fdf1f143b41e24485cea50d1cbac27 -> 
  custom:video-decoder-ogg-theora: a1e56fd34408186e4bbccfd4996cb3dc -> 
  custom:framework-win-MediaFoundation: 216162199b28c13a410421893ffa2e32 -> 
  custom:CustomObjectIndexerAttribute: 756ad292c208cfabdd7b50bc23989ffe -> 
  custom:container-demuxer-webm: 4f35f7cbe854078d1ac9338744f61a02 -> 
  custom:container-muxer-webm: aa71ff27fc2769a1b78a27578f13a17b -> 
  custom:video-decoder-webm-vp8: 9c59270c3fd7afecdb556c50c9e8de78 -> 
  custom:SearchIndexIgnoredProperties: e643bd26f0fe6173181afceb89e7c659 -> 
  custom:AudioImporter_EditorPlatform: d09bf68614088b80899f8185d706f6e7 -> 
  custom:video-encoder-webm-vp8: eb34c28f22e8b96e1ab97ce403110664 -> 
  custom:audio-decoder-ogg-vorbis: bf7c407c2cedff20999df2af8eb42d56 -> 
  custom:audio-encoder-webm-vorbis: bf7c407c2cedff20999df2af8eb42d56 -> 
========================================================================
Received Import Request.
  Time since last request: 141.271493 seconds.
  path: Assets/Fonts
  artifactKey: Guid(8f1964c2f11d9af4c87ef9b13aea61f3) Importer(815301076,1909f56bfc062723c751e8b465ee728b)
Start importing Assets/Fonts using Guid(8f1964c2f11d9af4c87ef9b13aea61f3) Importer(815301076,1909f56bfc062723c751e8b465ee728b)  -> (artifact id: '907542f06aac93cfbe75f98bb2c72850') in 0.002545 seconds
Number of updated asset objects reloaded before import = 0
Number of asset objects unloaded after import = 0
========================================================================
Received Import Request.
  Time since last request: 1.406338 seconds.
  path: Assets/Fonts/BiggerDisplay.otf
  artifactKey: Guid(78256275181e24343838f1f03296f36b) Importer(815301076,1909f56bfc062723c751e8b465ee728b)
Start importing Assets/Fonts/BiggerDisplay.otf using Guid(78256275181e24343838f1f03296f36b) Importer(815301076,1909f56bfc062723c751e8b465ee728b)  -> (artifact id: '6c2c81cda55d9413c6a775c5b0b3b4c3') in 0.068071 seconds
Number of updated asset objects reloaded before import = 0
Number of asset objects unloaded after import = 4
========================================================================
Received Import Request.
  Time since last request: 0.000017 seconds.
  path: Assets/Fonts/NewCheese.otf
  artifactKey: Guid(53cad024f20630842916e58b57b775d7) Importer(815301076,1909f56bfc062723c751e8b465ee728b)
Start importing Assets/Fonts/NewCheese.otf using Guid(53cad024f20630842916e58b57b775d7) Importer(815301076,1909f56bfc062723c751e8b465ee728b)  -> (artifact id: '38dbab6d0b879fdb112d3217a721e1bc') in 0.009728 seconds
Number of updated asset objects reloaded before import = 0
Number of asset objects unloaded after import = 4
========================================================================
Received Import Request.
  Time since last request: 0.000016 seconds.
  path: Assets/Fonts/MattehekFree.otf
  artifactKey: Guid(7f57c5ebc1d48384881257ae71f248e7) Importer(815301076,1909f56bfc062723c751e8b465ee728b)
Start importing Assets/Fonts/MattehekFree.otf using Guid(7f57c5ebc1d48384881257ae71f248e7) Importer(815301076,1909f56bfc062723c751e8b465ee728b)  -> (artifact id: '81ddc31ef9f4ef33532f37bf572a69e4') in 0.016386 seconds
Number of updated asset objects reloaded before import = 0
Number of asset objects unloaded after import = 4
Editor requested this worker to shutdown with reason: Scaling down because of idle timeout
TcpMessagingSession - receive error: operation aborted. errorcode: 995, details: Operazione di I/O terminata a causa dell'uscita dal thread oppure della richiesta di un'applicazione.
AssetImportWorker is now disconnected from the server
Process exiting
Exiting without the bug reporter. Application will terminate with return code 0